<?xml version="1.0" encoding="UTF-8"?>
<testng-results ignored="0" total="1" passed="1" failed="0" skipped="0">
  <reporter-output>
  </reporter-output>
  <suite started-at="2020-11-09T23:17:16 IST" name="helloworld.TestHelloWorld" finished-at="2020-11-09T23:17:16 IST" duration-ms="33">
    <groups>
    </groups>
    <test started-at="2020-11-09T23:17:16 IST" name="Command line test" finished-at="2020-11-09T23:17:16 IST" duration-ms="33">
      <class name="helloworld.TestHelloWorld">
        <test-method signature="testHelloWorld()[pri:0, instance:helloworld.TestHelloWorld@74a10858]" started-at="2020-11-09T23:17:16 IST" name="testHelloWorld" finished-at="2020-11-09T23:17:16 IST" duration-ms="3" status="PASS">
          <reporter-output>
          </reporter-output>
        </test-method> <!-- testHelloWorld -->
      </class> <!-- helloworld.TestHelloWorld -->
    </test> <!-- Command line test -->
  </suite> <!-- helloworld.TestHelloWorld -->
</testng-results>
